<?xml version="1.0" encoding="utf-8"?><testsuites name="pytest tests"><testsuite name="pytest" errors="0" failures="0" skipped="0" tests="428" time="182.273" timestamp="2026-09-14T04:08:36.081249+00:00" hostname="f79c7546fdcc"><testcase classname="tests.api.test_all_operation_parameters" name="test_all_parameters_are_exposed_and_saved[salary]" time="1.335" /><testcase classname="tests.api.test_all_operation_parameters" name="test_all_parameters_are_exposed_and_saved[incoming_transfer]" time="1.033" /><testcase classname="tests.api.test_all_operation_parameters" name="test_all_parameters_are_exposed_and_saved[card_transfer]" time="1.034" /><testcase classname="tests.api.test_all_operation_parameters" name="test_all_parameters_are_exposed_and_saved[cash_withdrawal]" time="1.018" /><testcase classname="tests.api.test_all_operation_parameters" name="test_all_parameters_are_exposed_and_saved[purchase]" time="1.023" /><testcase classname="tests.api.test_all_operation_parameters" name="test_removed_parameters_are_rejected_without_saving[salary-context-channel-bank]" time="1.047" /><testcase classname="tests.api.test_all_operation_parameters" name="test_removed_parameters_are_rejected_without_saving[salary-context-time_of_day-day]" time="1.047" /><testcase classname="tests.api.test_all_operation_parameters" name="test_removed_parameters_are_rejected_without_saving[salary-context-velocity-normal]" time="1.033" /><testcase classname="tests.api.test_all_operation_parameters" name="test_removed_parameters_are_rejected_without_saving[salary-action_details-employer_profile-verified_employer]" time="1.037" /><testcase classname="tests.api.test_all_operation_parameters" name="test_removed_parameters_are_rejected_without_saving[cash_withdrawal-action_details-cash_purpose-daily_expenses]" time="1.044" /><testcase classname="tests.api.test_all_operation_parameters" name="test_removed_parameters_are_rejected_without_saving[cash_withdrawal-action_details-withdrawal_location-home_region]" time="1.051" /><testcase classname="tests.api.test_all_operation_parameters" name="test_removed_parameters_are_rejected_without_saving[cash_withdrawal-context-recipient_type-known_counterparty]" time="1.051" /><testcase classname="tests.api.test_all_operation_parameters" name="test_removed_parameters_are_rejected_without_saving[card_transfer-action_details-transfer_purpose-family_support]" time="1.058" /><testcase classname="tests.api.test_all_operation_parameters" name="test_removed_parameters_are_rejected_without_saving[card_transfer-action_details-recipient_relationship-family]" time="1.056" /><testcase classname="tests.api.test_all_operation_parameters" name="test_removed_parameters_are_rejected_without_saving[incoming_transfer-context-recipient_type-known_counterparty]" time="1.053" /><testcase classname="tests.api.test_all_operation_parameters" name="test_removed_parameters_are_rejected_without_saving[salary-context-has_documents-True]" time="1.039" /><testcase classname="tests.api.test_all_operation_parameters" name="test_removed_parameters_are_rejected_without_saving[incoming_transfer-context-has_documents-True]" time="1.034" /><testcase classname="tests.api.test_all_operation_parameters" name="test_removed_parameters_are_rejected_without_saving[card_transfer-context-has_documents-True]" time="1.036" /><testcase classname="tests.api.test_all_operation_parameters" name="test_removed_parameters_are_rejected_without_saving[cash_withdrawal-context-has_documents-True]" time="1.049" /><testcase classname="tests.api.test_all_operation_parameters" name="test_null_salary_channel_is_canonicalized_as_absent" time="1.000" /><testcase classname="tests.api.test_audit_regressions" name="test_party_name_is_trimmed_and_cannot_be_blank" time="0.000" /><testcase classname="tests.api.test_audit_regressions" name="test_invalid_history_has_only_relevant_errors_and_keeps_snapshot" time="0.551" /><testcase classname="tests.api.test_audit_regressions" name="test_preview_does_not_publish_legacy_risk_factors" time="0.977" /><testcase classname="tests.api.test_auth" name="test_session_required[/rounds/current/state]" time="0.271" /><testcase classname="tests.api.test_auth" name="test_session_required[/rounds/1/scenario]" time="0.270" /><testcase classname="tests.api.test_auth" name="test_session_required[/rounds/1/result]" time="0.265" /><testcase classname="tests.api.test_auth" name="test_session_required[/rounds/1/leaderboard]" time="0.269" /><testcase classname="tests.api.test_auth" name="test_session_required[/admin/rounds/current]" time="0.271" /><testcase classname="tests.api.test_auth" name="test_audience_and_role_isolation" time="1.172" /><testcase classname="tests.api.test_auth" name="test_logout_revokes_session" time="0.777" /><testcase classname="tests.api.test_auth" name="test_long_password_and_normalized_identity" time="1.127" /><testcase classname="tests.api.test_auth" name="test_expired_session" time="0.728" /><testcase classname="tests.api.test_auth" name="test_participant_data_is_private" time="1.459" /><testcase classname="tests.api.test_auth" name="test_login_lockout_and_recovery" time="1.377" /><testcase classname="tests.api.test_bootstrap" name="test_new_admin_requires_valid_explicit_password[]" time="0.280" /><testcase classname="tests.api.test_bootstrap" name="test_new_admin_requires_valid_explicit_password[short]" time="0.282" /><testcase classname="tests.api.test_bootstrap" name="test_new_admin_requires_valid_explicit_password[xxxxxxxxxxxxxxxxxxxxxxxxxxxxxxxxxxxxxxxxxxxxxxxxxxxxxxxxxxxxxxxxxxxxxxxxxxxxxxxxxxxxxxxxxxxxxxxxxxxxxxxxxxxxxxxxxxxxxxxxxxxxxxxxx]" time="0.292" /><testcase classname="tests.api.test_bootstrap" name="test_seed_preserves_existing_admin_without_password" time="0.306" /><testcase classname="tests.api.test_concurrency" name="test_submission_races_autosave" time="1.013" /><testcase classname="tests.api.test_concurrency" name="test_submission_races_cutoff" time="1.043" /><testcase classname="tests.api.test_concurrency" name="test_state_is_one_nonblocking_snapshot_during_scoring" time="1.110" /><testcase classname="tests.api.test_concurrency" name="test_concurrent_submit_retries_record_once" time="1.104" /><testcase classname="tests.api.test_concurrency" name="test_concurrent_scorers_publish_once" time="1.120" /><testcase classname="tests.api.test_configuration_validation" name="test_invalid_update_keeps_round_and_audit_unchanged[removed_field]" time="0.574" /><testcase classname="tests.api.test_configuration_validation" name="test_invalid_update_keeps_round_and_audit_unchanged[salary_channel]" time="0.569" /><testcase classname="tests.api.test_configuration_validation" name="test_invalid_update_keeps_round_and_audit_unchanged[inverted_range]" time="0.564" /><testcase classname="tests.api.test_configuration_validation" name="test_invalid_create_does_not_write_round[removed_field]" time="0.545" /><testcase classname="tests.api.test_configuration_validation" name="test_invalid_create_does_not_write_round[salary_channel]" time="0.542" /><testcase classname="tests.api.test_configuration_validation" name="test_invalid_create_does_not_write_round[inverted_range]" time="0.542" /><testcase classname="tests.api.test_configuration_validation" name="test_snapshot_and_seed_reference_reject_invalid_config[removed_field]" time="0.271" /><testcase classname="tests.api.test_configuration_validation" name="test_snapshot_and_seed_reference_reject_invalid_config[salary_channel]" time="0.270" /><testcase classname="tests.api.test_configuration_validation" name="test_snapshot_and_seed_reference_reject_invalid_config[inverted_range]" time="0.269" /><testcase classname="tests.api.test_contract" name="test_openapi_contract" time="0.410" /><testcase classname="tests.api.test_contract" name="test_validation_error_envelope[payload0]" time="0.966" /><testcase classname="tests.api.test_contract" name="test_validation_error_envelope[payload1]" time="0.968" /><testcase classname="tests.api.test_contract" name="test_validation_error_envelope[payload2]" time="0.966" /><testcase classname="tests.api.test_contract" name="test_state_response_matches_typed_contract" time="0.725" /><testcase classname="tests.api.test_contract" name="test_migration_and_seed_are_current_and_idempotent" time="0.366" /><testcase classname="tests.api.test_contract" name="test_health_and_schema_readiness" time="0.353" /><testcase classname="tests.api.test_contract_versions" name="test_snapshot_roundtrip_in_postgresql[7]" time="1.103" /><testcase classname="tests.api.test_contract_versions" name="test_snapshot_roundtrip_in_postgresql[8]" time="1.086" /><testcase classname="tests.api.test_contract_versions" name="test_expanded_create_is_blocked_before_writes" time="0.639" /><testcase classname="tests.api.test_contract_versions" name="test_config_rejection_is_atomic[expanded-409]" time="0.684" /><testcase classname="tests.api.test_contract_versions" name="test_config_rejection_is_atomic[incomplete-422]" time="0.621" /><testcase classname="tests.api.test_contract_versions" name="test_config_rejection_is_atomic[unknown-422]" time="0.651" /><testcase classname="tests.api.test_contract_versions" name="test_config_rejection_is_atomic[bypass-422]" time="0.631" /><testcase classname="tests.api.test_contract_versions" name="test_stored_expanded_start_is_blocked[draft]" time="0.645" /><testcase classname="tests.api.test_contract_versions" name="test_stored_expanded_start_is_blocked[active]" time="0.645" /><testcase classname="tests.api.test_contract_versions" name="test_no_evaluation_or_cutoff_for_injected_expanded_round" time="1.387" /><testcase classname="tests.api.test_contract_versions" name="test_legacy_golden_snapshot_cannot_start_online" time="1.083" /><testcase classname="tests.api.test_counterparties" name="test_counterparty_autosave_replay_reload_and_catalog_snapshot" time="1.764" /><testcase classname="tests.api.test_counterparties" name="test_real_gate_still_blocks_expanded_autosave" time="0.991" /><testcase classname="tests.api.test_counterparties" name="test_round_rejects_unknown_party_without_saving" time="0.981" /><testcase classname="tests.api.test_editor_metadata" name="test_editor_metadata_requires_admin_and_matches_contract" time="0.949" /><testcase classname="tests.api.test_editor_metadata" name="test_semantic_error_has_operation_path" time="0.523" /><testcase classname="tests.api.test_expanded_release" name="test_released_round_full_cycle_and_emergency_creation_switch" time="2.645" /><testcase classname="tests.api.test_expanded_release" name="test_no_in_place_upgrade_and_disabled_default" time="0.554" /><testcase classname="tests.api.test_expanded_release" name="test_employer_incoming_is_rejected_by_api" time="1.019" /><testcase classname="tests.api.test_gameplay" name="test_incoming_profiles_complete_game[domestic_bank-A]" time="1.219" /><testcase classname="tests.api.test_gameplay" name="test_incoming_profiles_complete_game[domestic_bank-B]" time="1.253" /><testcase classname="tests.api.test_gameplay" name="test_incoming_profiles_complete_game[domestic_bank-C]" time="1.325" /><testcase classname="tests.api.test_gameplay" name="test_incoming_profiles_complete_game[foreign_bank_kg-A]" time="1.208" /><testcase classname="tests.api.test_gameplay" name="test_incoming_profiles_complete_game[foreign_bank_kg-B]" time="1.234" /><testcase classname="tests.api.test_gameplay" name="test_incoming_profiles_complete_game[foreign_bank_kg-C]" time="1.216" /><testcase classname="tests.api.test_gameplay" name="test_incoming_profiles_complete_game[crypto_exchange-A]" time="1.241" /><testcase classname="tests.api.test_gameplay" name="test_incoming_profiles_complete_game[crypto_exchange-B]" time="1.212" /><testcase classname="tests.api.test_gameplay" name="test_incoming_profiles_complete_game[crypto_exchange-C]" time="1.224" /><testcase classname="tests.api.test_gameplay" name="test_incoming_profiles_complete_game[payment_service-A]" time="1.225" /><testcase classname="tests.api.test_gameplay" name="test_incoming_profiles_complete_game[payment_service-B]" time="1.235" /><testcase classname="tests.api.test_gameplay" name="test_incoming_profiles_complete_game[payment_service-C]" time="1.226" /><testcase classname="tests.api.test_incoming_contract" name="test_incoming_card_preview_save_submit_and_score" time="1.171" /><testcase classname="tests.api.test_incoming_contract" name="test_explicit_seed_reset_replaces_game_but_keeps_accounts_and_sessions" time="1.174" /><testcase classname="tests.api.test_model_integration" name="test_model_round_atomic_retry_and_no_early_explanation" time="1.930" /><testcase classname="tests.api.test_model_integration" name="test_100_scenarios_keep_state_requests_responsive" time="4.341" /><testcase classname="tests.api.test_model_integration" name="test_new_starts_can_be_disabled_without_old_rule_mode" time="0.573" /><testcase classname="tests.api.test_model_integration" name="test_readiness_exposes_loaded_model_identity" time="0.277" /><testcase classname="tests.api.test_nicegui_auth" name="test_register_login_reload_logout_and_audiences" time="1.216" /><testcase classname="tests.api.test_nicegui_auth" name="test_blocking_clears_ui_session_and_requires_new_login" time="0.982" /><testcase classname="tests.api.test_nicegui_forms" name="test_registration_login_and_full_workshop" time="7.919" /><testcase classname="tests.api.test_nicegui_forms" name="test_reconnect_checks_session[False]" time="1.277" /><testcase classname="tests.api.test_nicegui_forms" name="test_reconnect_checks_session[True]" time="1.281" /><testcase classname="tests.api.test_nicegui_forms" name="test_state_load_failure_remains_visible_and_recovers" time="3.904" /><testcase classname="tests.api.test_nicegui_game" name="test_editor_conflict_and_submit_without_lost_updates" time="1.172" /><testcase classname="tests.api.test_nicegui_game" name="test_lost_response_replays_original_command_and_preserves_new_input" time="1.124" /><testcase classname="tests.api.test_nicegui_game" name="test_restart_discards_old_pending_commands" time="1.110" /><testcase classname="tests.api.test_nicegui_game" name="test_poll_started_before_save_cannot_restore_old_steps" time="1.081" /><testcase classname="tests.api.test_nicegui_participant_editing" name="test_parameters_and_amount_remain_editable_after_autosave" time="9.477" /><testcase classname="tests.api.test_operation_timeline" name="test_preview_save_submit_replay_share_timeline" time="1.045" /><testcase classname="tests.api.test_operation_timeline" name="test_external_v8_preview_stays_blocked" time="0.927" /><testcase classname="tests.api.test_profile_history" name="test_draft_freeze_two_players_reload_and_immutable_after_start" time="1.550" /><testcase classname="tests.api.test_profile_history" name="test_invalid_history_rejected_before_save_and_gate_stays_closed" time="0.527" /><testcase classname="tests.api.test_purchases" name="test_freeze_preview_save_submit_score_and_result" time="1.193" /><testcase classname="tests.api.test_purchases" name="test_only_purchases_cannot_submit_and_limits_are_visible" time="0.983" /><testcase classname="tests.api.test_purchases" name="test_duplicate_purchase_configuration_is_rejected" time="0.517" /><testcase classname="tests.api.test_rounds" name="test_no_game_and_creation" time="0.970" /><testcase classname="tests.api.test_rounds" name="test_configuration_only_before_start" time="1.024" /><testcase classname="tests.api.test_rounds" name="test_restart_clears_game_preserves_accounts" time="1.158" /><testcase classname="tests.api.test_rounds" name="test_unsent_chain_hidden_from_admin_and_deleted_at_cutoff" time="1.042" /><testcase classname="tests.api.test_rounds" name="test_unsupported_financial_configuration_is_rejected_atomically" time="0.545" /><testcase classname="tests.api.test_scenarios" name="test_direct_submission_and_retry" time="1.061" /><testcase classname="tests.api.test_scenarios" name="test_invalid_submit_preserves_attempt[False]" time="0.969" /><testcase classname="tests.api.test_scenarios" name="test_invalid_submit_preserves_attempt[True]" time="0.986" /><testcase classname="tests.api.test_scenarios" name="test_autosave_revision_and_uuid_conflicts" time="1.029" /><testcase classname="tests.api.test_scenarios" name="test_preview_and_page_reload" time="1.045" /><testcase classname="tests.api.test_scenarios" name="test_invalid_cards_and_chains[frequency-422]" time="0.947" /><testcase classname="tests.api.test_scenarios" name="test_invalid_cards_and_chains[negative_amount-422]" time="0.954" /><testcase classname="tests.api.test_scenarios" name="test_invalid_cards_and_chains[fraction-422]" time="0.934" /><testcase classname="tests.api.test_scenarios" name="test_invalid_cards_and_chains[duplicate_step-422]" time="0.954" /><testcase classname="tests.api.test_scenarios" name="test_invalid_cards_and_chains[unknown_card-422]" time="0.936" /><testcase classname="tests.api.test_scenarios" name="test_invalid_cards_and_chains[missing_goal-400]" time="0.946" /><testcase classname="tests.api.test_scoring" name="test_ranking_ties_access_and_shared_results" time="1.780" /><testcase classname="tests.api.test_scoring" name="test_scoring_failure_rolls_back_scores_but_keeps_cutoff" time="1.121" /><testcase classname="tests.load.test_nicegui_workshop" name="test_fifty_participants_poll_save_submit_score" time="11.997" /><testcase classname="tests.ml.test_behavior_model" name="test_group_partition_is_disjoint_with_zero_cash_support" time="0.001" /><testcase classname="tests.ml.test_behavior_model" name="test_features_observe_salary_without_reading_rubric" time="0.004" /><testcase classname="tests.ml.test_behavior_model" name="test_balancing_assigns_equal_total_weight_to_each_observed_cell" time="0.001" /><testcase classname="tests.ml.test_behavior_model" name="test_pair_evaluation_measures_magnitude_not_only_sign" time="0.000" /><testcase classname="tests.ml.test_behavior_model" name="test_generator_reads_card_channels_and_keeps_parent_for_salary_variants" time="0.008" /><testcase classname="tests.ml.test_behavior_model" name="test_contract_signature_accepts_serialized_defaults_but_rejects_cost_changes" time="0.002" /><testcase classname="tests.ml.test_catboost_pipeline" name="test_gate_exact_boundaries_and_asymmetry" time="0.001" /><testcase classname="tests.ml.test_catboost_pipeline" name="test_report_clipping_without_hiding_raw_errors" time="0.000" /><testcase classname="tests.ml.test_catboost_pipeline" name="test_selection_honors_gates_and_diagnostic_priority" time="0.000" /><testcase classname="tests.ml.test_catboost_pipeline" name="test_schema_names_reordering_extras_and_missing_values" time="0.002" /><testcase classname="tests.ml.test_catboost_pipeline" name="test_real_model_serialization_and_reordering" time="0.006" /><testcase classname="tests.ml.test_catboost_pipeline" name="test_loaded_model_feature_importance_is_calculated" time="0.003" /><testcase classname="tests.ml.test_catboost_pipeline" name="test_slices_distinguish_absent_groups_from_zero_error" time="0.001" /><testcase classname="tests.ml.test_model_scoring" name="test_shap_additivity_schema_and_saved_summary" time="0.079" /><testcase classname="tests.ml.test_model_scoring" name="test_model_pin_and_operation_override_rejected" time="0.002" /><testcase classname="tests.ml.test_model_scoring" name="test_clipping_rounding_and_shap_failure[-2-0.00]" time="0.004" /><testcase classname="tests.ml.test_model_scoring" name="test_clipping_rounding_and_shap_failure[103-100.00]" time="0.004" /><testcase classname="tests.ml.test_model_scoring" name="test_clipping_rounding_and_shap_failure[12.345-12.34]" time="0.005" /><testcase classname="tests.ml.test_model_scoring" name="test_invalid_shap_numbers_and_dictionary_fail_closed" time="0.019" /><testcase classname="tests.unit.test_aml_dataset" name="test_review_end_to_end" time="4.622" /><testcase classname="tests.unit.test_aml_dataset" name="test_review_reproducible" time="4.518" /><testcase classname="tests.unit.test_aml_dataset" name="test_mass_labeling_needs_actual_matching_review" time="0.075" /><testcase classname="tests.unit.test_aml_dataset" name="test_risk_counterfactuals" time="0.002" /><testcase classname="tests.unit.test_aml_dataset" name="test_feature_vector_does_not_contain_provenance_or_score" time="0.001" /><testcase classname="tests.unit.test_aml_dataset" name="test_shared_vectors_union_template_groups" time="0.000" /><testcase classname="tests.unit.test_aml_dataset" name="test_review_selection_has_120_distinct_records" time="0.000" /><testcase classname="tests.unit.test_aml_dataset" name="test_mutation_deterministic" time="0.004" /><testcase classname="tests.unit.test_aml_dataset" name="test_validator_rejects_modified_export" time="0.008" /><testcase classname="tests.unit.test_aml_dataset" name="test_pilot_pipeline_with_test_only_approval" time="0.735" /><testcase classname="tests.unit.test_aml_dataset_v2" name="test_review_passes_and_reproduces" time="3.929" /><testcase classname="tests.unit.test_aml_dataset_v2" name="test_duplicate_and_forged_label_fail" time="0.137" /><testcase classname="tests.unit.test_aml_dataset_v2" name="test_final_recipient_novelty_weight_is_nine" time="0.001" /><testcase classname="tests.unit.test_aml_dataset_v2" name="test_waiting_is_bounded_continuous_and_preserves_context" time="0.009" /><testcase classname="tests.unit.test_aml_dataset_v2" name="test_recipient_rules_are_small_and_single_return_is_neutral" time="0.007" /><testcase classname="tests.unit.test_aml_dataset_v2" name="test_one_long_wait_cannot_replace_other_waits" time="0.004" /><testcase classname="tests.unit.test_aml_dataset_v2" name="test_observations_ignore_id_renaming_and_labels_ignore_provenance" time="0.004" /><testcase classname="tests.unit.test_aml_dataset_v2" name="test_mass_generation_refuses_before_review" time="0.432" /><testcase classname="tests.unit.test_aml_dataset_v2" name="test_purchase_source_unchanged_and_salary_reduces_risk" time="0.000" /><testcase classname="tests.unit.test_aml_dataset_v2" name="test_context_coverage_and_history_do_not_spend_current_resources" time="0.001" /><testcase classname="tests.unit.test_aml_dataset_v2" name="test_joint_review_cannot_be_satisfied_by_changing_status_only" time="1.636" /><testcase classname="tests.unit.test_aml_dataset_v2" name="test_constants_are_selected_without_validation_or_blind" time="0.515" /><testcase classname="tests.unit.test_aml_dataset_v2" name="test_mass_gate_precedes_sampling" time="1.155" /><testcase classname="tests.unit.test_aml_dataset_v2" name="test_bounded_candidate_sampling_is_reproducible_and_keeps_lineage" time="0.138" /><testcase classname="tests.unit.test_aml_dataset_v2" name="test_pilot_review_selection_has_60_30_30_distinct_records" time="0.004" /><testcase classname="tests.unit.test_aml_dataset_v2" name="test_human_review_requires_matching_version_and_independent_blind_scores" time="2.283" /><testcase classname="tests.unit.test_aml_dataset_v2" name="test_small_export_and_tampering_checks_use_temporary_review_stubs" time="1.287" /><testcase classname="tests.unit.test_aml_dataset_v2" name="test_reviewed_direction_inactivity_recurrence_volume_and_background" time="0.008" /><testcase classname="tests.unit.test_aml_dataset_v2" name="test_salary_reduction_once_and_depends_on_income_basis" time="0.003" /><testcase classname="tests.unit.test_aml_dataset_v2" name="test_unknown_history_does_not_erase_context_or_invent_inactivity" time="0.009" /><testcase classname="tests.unit.test_aml_dataset_v2" name="test_multiple_purchases_give_small_bounded_effect_and_remain_observable" time="0.003" /><testcase classname="tests.unit.test_aml_episodes" name="test_strict_five_percent[9500-False]" time="0.000" /><testcase classname="tests.unit.test_aml_episodes" name="test_strict_five_percent[9500.01-True]" time="0.000" /><testcase classname="tests.unit.test_aml_episodes" name="test_strict_five_percent[9999-True]" time="0.000" /><testcase classname="tests.unit.test_aml_episodes" name="test_strict_five_percent[10000-True]" time="0.000" /><testcase classname="tests.unit.test_aml_episodes" name="test_strict_five_percent[10499.99-True]" time="0.000" /><testcase classname="tests.unit.test_aml_episodes" name="test_strict_five_percent[10500-False]" time="0.000" /><testcase classname="tests.unit.test_aml_episodes" name="test_aggregation_cash_purchase_and_disjoint_consumption" time="0.000" /><testcase classname="tests.unit.test_aml_episodes" name="test_window_is_strictly_less_than_day[1439-True]" time="0.000" /><testcase classname="tests.unit.test_aml_episodes" name="test_window_is_strictly_less_than_day[1440-False]" time="0.000" /><testcase classname="tests.unit.test_aml_episodes" name="test_window_is_strictly_less_than_day[1441-False]" time="0.000" /><testcase classname="tests.unit.test_aml_episodes" name="test_small_boundary_series_and_daily_reset" time="0.000" /><testcase classname="tests.unit.test_aml_episodes" name="test_tiny_partial_returns_do_not_create_cycles" time="0.000" /><testcase classname="tests.unit.test_aml_episodes" name="test_split_return_is_one_cycle" time="0.000" /><testcase classname="tests.unit.test_aml_episodes" name="test_rubric_episode_levels_context_and_small_series" time="0.015" /><testcase classname="tests.unit.test_aml_intensity" name="test_intensive_flow_has_floor_without_limited_party_information" time="0.002" /><testcase classname="tests.unit.test_aml_intensity" name="test_three_required_incoming_transfers_alone_get_no_activity_bonus" time="0.002" /><testcase classname="tests.unit.test_aml_intensity" name="test_small_isolated_flow_has_no_high_risk_floor" time="0.001" /><testcase classname="tests.unit.test_aml_intensity" name="test_exported_features_cannot_hide_label_conflicts" time="0.000" /><testcase classname="tests.unit.test_aml_review_import" name="test_revisions_are_preserved_and_block_approval" time="0.002" /><testcase classname="tests.unit.test_aml_review_import" name="test_invalid_submission_does_not_mutate_decisions[NaN-hash-revise]" time="0.001" /><testcase classname="tests.unit.test_aml_review_import" name="test_invalid_submission_does_not_mutate_decisions[101-hash-revise]" time="0.001" /><testcase classname="tests.unit.test_aml_review_import" name="test_invalid_submission_does_not_mutate_decisions[50-stale-accept]" time="0.001" /><testcase classname="tests.unit.test_aml_review_import" name="test_invalid_submission_does_not_mutate_decisions[60-hash-accept]" time="0.001" /><testcase classname="tests.unit.test_aml_review_ui" name="test_blind_projection_omits_targets_explanations_and_baseline" time="0.004" /><testcase classname="tests.unit.test_aml_review_ui" name="test_review_projection_does_not_modify_source" time="0.004" /><testcase classname="tests.unit.test_aml_short_review" name="test_short_sample_is_disjoint_reproducible_and_four_per_category" time="0.001" /><testcase classname="tests.unit.test_aml_short_review" name="test_short_policy_removes_blind_gate_but_keeps_pilot_approval" time="0.001" /><testcase classname="tests.unit.test_aml_short_review" name="test_unknown_policy_rejected" time="0.001" /><testcase classname="tests.unit.test_audit_ui" name="test_russian_error_fields_and_signed_values" time="0.000" /><testcase classname="tests.unit.test_audit_ui" name="test_financial_settings_are_readonly_and_old_risk_control_absent" time="0.126" /><testcase classname="tests.unit.test_config_validation" name="test_invalid_files_stop_startup_and_seed[removed_field]" time="0.002" /><testcase classname="tests.unit.test_config_validation" name="test_invalid_files_stop_startup_and_seed[salary_channel]" time="0.001" /><testcase classname="tests.unit.test_config_validation" name="test_invalid_files_stop_startup_and_seed[inverted_range]" time="0.002" /><testcase classname="tests.unit.test_config_validation" name="test_cli_validates_selected_directory[removed_field]" time="0.234" /><testcase classname="tests.unit.test_config_validation" name="test_cli_validates_selected_directory[salary_channel]" time="0.247" /><testcase classname="tests.unit.test_config_validation" name="test_cli_validates_selected_directory[inverted_range]" time="0.272" /><testcase classname="tests.unit.test_contract_versions" name="test_legacy_golden[transfers]" time="0.001" /><testcase classname="tests.unit.test_contract_versions" name="test_legacy_golden[mixed]" time="0.001" /><testcase classname="tests.unit.test_contract_versions" name="test_legacy_golden[incoming_funding]" time="0.001" /><testcase classname="tests.unit.test_contract_versions" name="test_expanded_typed_roundtrip_and_legacy_unchanged" time="0.002" /><testcase classname="tests.unit.test_contract_versions" name="test_incomplete_expanded_config_rejected[counterparties]" time="0.001" /><testcase classname="tests.unit.test_contract_versions" name="test_incomplete_expanded_config_rejected[profile]" time="0.001" /><testcase classname="tests.unit.test_contract_versions" name="test_incomplete_expanded_config_rejected[history]" time="0.001" /><testcase classname="tests.unit.test_contract_versions" name="test_incomplete_expanded_config_rejected[timeline]" time="0.001" /><testcase classname="tests.unit.test_contract_versions" name="test_incomplete_expanded_config_rejected[turnover]" time="0.001" /><testcase classname="tests.unit.test_contract_versions" name="test_unknown_versions_never_fall_back[6]" time="0.000" /><testcase classname="tests.unit.test_contract_versions" name="test_unknown_versions_never_fall_back[9]" time="0.000" /><testcase classname="tests.unit.test_contract_versions" name="test_unknown_versions_never_fall_back[8]" time="0.000" /><testcase classname="tests.unit.test_contract_versions" name="test_unknown_versions_never_fall_back[None]" time="0.000" /><testcase classname="tests.unit.test_contract_versions" name="test_unknown_versions_never_fall_back[True]" time="0.000" /><testcase classname="tests.unit.test_contract_versions" name="test_expanded_cannot_run_legacy_engine" time="0.001" /><testcase classname="tests.unit.test_contract_versions" name="test_unknown_history_is_not_observed_empty_history" time="0.001" /><testcase classname="tests.unit.test_contract_versions" name="test_reserved_steps_reject_manual_derived_context" time="0.000" /><testcase classname="tests.unit.test_contract_versions" name="test_expanded_requires_explicit_version_even_at_api_boundary" time="0.001" /><testcase classname="tests.unit.test_counterparties" name="test_links_are_directional_ordered_and_history_is_separate" time="0.003" /><testcase classname="tests.unit.test_counterparties" name="test_unknown_history_does_not_invent_activity[None]" time="0.002" /><testcase classname="tests.unit.test_counterparties" name="test_unknown_history_does_not_invent_activity[history1]" time="0.002" /><testcase classname="tests.unit.test_counterparties" name="test_roles_roundtrip_without_manual_properties[incoming_transfer-A]" time="0.002" /><testcase classname="tests.unit.test_counterparties" name="test_roles_roundtrip_without_manual_properties[incoming_transfer-C]" time="0.002" /><testcase classname="tests.unit.test_counterparties" name="test_roles_roundtrip_without_manual_properties[incoming_transfer-employer]" time="0.003" /><testcase classname="tests.unit.test_counterparties" name="test_roles_roundtrip_without_manual_properties[card_transfer-A]" time="0.002" /><testcase classname="tests.unit.test_counterparties" name="test_roles_roundtrip_without_manual_properties[card_transfer-employer]" time="0.002" /><testcase classname="tests.unit.test_counterparties" name="test_roles_roundtrip_without_manual_properties[salary-employer]" time="0.002" /><testcase classname="tests.unit.test_counterparties" name="test_roles_roundtrip_without_manual_properties[cash_withdrawal-None]" time="0.003" /><testcase classname="tests.unit.test_counterparties" name="test_bad_references_and_spoofing_rejected[change0]" time="0.002" /><testcase classname="tests.unit.test_counterparties" name="test_bad_references_and_spoofing_rejected[change1]" time="0.004" /><testcase classname="tests.unit.test_counterparties" name="test_bad_references_and_spoofing_rejected[change2]" time="0.002" /><testcase classname="tests.unit.test_counterparties" name="test_bad_references_and_spoofing_rejected[change3]" time="0.003" /><testcase classname="tests.unit.test_counterparties" name="test_bad_references_and_spoofing_rejected[change4]" time="0.002" /><testcase classname="tests.unit.test_counterparties" name="test_bad_references_and_spoofing_rejected[change5]" time="0.002" /><testcase classname="tests.unit.test_counterparties" name="test_bad_references_and_spoofing_rejected[change6]" time="0.002" /><testcase classname="tests.unit.test_counterparties" name="test_bad_references_and_spoofing_rejected[change7]" time="0.002" /><testcase classname="tests.unit.test_counterparties" name="test_bad_references_and_spoofing_rejected[change8]" time="0.002" /><testcase classname="tests.unit.test_counterparties" name="test_bad_references_and_spoofing_rejected[change9]" time="0.002" /><testcase classname="tests.unit.test_counterparties" name="test_bad_references_and_spoofing_rejected[change10]" time="0.002" /><testcase classname="tests.unit.test_counterparties" name="test_incompatible_party_type[salary-A]" time="0.002" /><testcase classname="tests.unit.test_counterparties" name="test_incompatible_party_type[card_transfer-shop]" time="0.002" /><testcase classname="tests.unit.test_counterparties" name="test_duplicate_and_foreign_card_rejected" time="0.003" /><testcase classname="tests.unit.test_counterparties" name="test_catalog_duplicate_ids_and_unknown_history_refs_rejected" time="0.002" /><testcase classname="tests.unit.test_counterparties" name="test_transport_accepts_new_ids_but_legacy_normalizer_never_discards_them" time="0.002" /><testcase classname="tests.unit.test_counterparty_ui" name="test_select_save_reload_change_party_and_admin_details" time="0.130" /><testcase classname="tests.unit.test_employer_sender_policy" name="test_employer_is_only_salary_sender_in_new_policy" time="0.001" /><testcase classname="tests.unit.test_employer_sender_policy" name="test_category_not_id_defines_employer_and_other_institutions_still_receive" time="0.001" /><testcase classname="tests.unit.test_employer_sender_policy" name="test_old_snapshot_keeps_previous_semantics_and_shape" time="0.001" /><testcase classname="tests.unit.test_employer_sender_policy" name="test_history_uses_same_sender_policy_and_unknown_policy_is_rejected" time="0.001" /><testcase classname="tests.unit.test_expanded_release_rules" name="test_release_requires_history_and_purchases_and_never_uses_legacy_engine" time="0.001" /><testcase classname="tests.unit.test_expanded_release_rules" name="test_demonstration_resources[baseline-10]" time="0.001" /><testcase classname="tests.unit.test_expanded_release_rules" name="test_demonstration_resources[purchase-9]" time="0.001" /><testcase classname="tests.unit.test_expanded_release_rules" name="test_demonstration_resources[varied-2]" time="0.001" /><testcase classname="tests.unit.test_expanded_result_ui" name="test_result_preserves_counterparties_and_calendar_time" time="0.182" /><testcase classname="tests.unit.test_game_balance" name="test_default_has_multiple_reachable_routes[transfers]" time="0.001" /><testcase classname="tests.unit.test_game_balance" name="test_default_has_multiple_reachable_routes[mixed]" time="0.001" /><testcase classname="tests.unit.test_game_balance" name="test_default_has_multiple_reachable_routes[incoming_funding]" time="0.001" /><testcase classname="tests.unit.test_game_balance" name="test_goal_needs_funding_and_more_than_one_debit" time="0.001" /><testcase classname="tests.unit.test_game_balance" name="test_speed_has_resource_risk_tradeoffs" time="0.001" /><testcase classname="tests.unit.test_game_balance" name="test_long_route_is_playable_with_tight_resources" time="0.001" /><testcase classname="tests.unit.test_game_balance" name="test_salary_requires_sacrificing_resources_elsewhere" time="0.001" /><testcase classname="tests.unit.test_game_balance" name="test_salary_default_costs_and_credit_at_maximum" time="0.000" /><testcase classname="tests.unit.test_game_balance" name="test_salary_amount_and_occurrence_limits[route0-amount_out_of_range]" time="0.000" /><testcase classname="tests.unit.test_game_balance" name="test_salary_amount_and_occurrence_limits[route1-max_occurrences_exceeded]" time="0.000" /><testcase classname="tests.unit.test_game_engine" name="test_three_cards_are_three_operations" time="0.001" /><testcase classname="tests.unit.test_game_engine" name="test_limits_block_submission[resources-initial_balance-1000.00-insufficient_balance]" time="0.001" /><testcase classname="tests.unit.test_game_engine" name="test_limits_block_submission[resources-initial_energy-0-insufficient_energy]" time="0.001" /><testcase classname="tests.unit.test_game_engine" name="test_limits_block_submission[resources-initial_time-0-insufficient_time]" time="0.000" /><testcase classname="tests.unit.test_game_engine" name="test_limits_block_submission[objectives-max_actions-2-max_actions_exceeded]" time="0.000" /><testcase classname="tests.unit.test_game_engine" name="test_limits_block_submission[constraints-max_identical_steps-2-identical_streak_exceeded]" time="0.000" /><testcase classname="tests.unit.test_game_engine" name="test_limits_block_submission[constraints-category_limits-value5-category_limit_exceeded]" time="0.000" /><testcase classname="tests.unit.test_game_engine" name="test_empty_and_incomplete_objective" time="0.000" /><testcase classname="tests.unit.test_game_engine" name="test_night_limit" time="0.000" /><testcase classname="tests.unit.test_game_engine" name="test_hash_ignores_object_key_order_but_preserves_chain_order" time="0.000" /><testcase classname="tests.unit.test_incoming_form" name="test_incoming_form_exposes_sources_and_sender_without_legacy_frequency" time="0.111" /><testcase classname="tests.unit.test_incoming_form" name="test_admin_editor_handles_new_frozen_card_and_current_occurrence_limit" time="0.122" /><testcase classname="tests.unit.test_incoming_form" name="test_exceeded_limit_does_not_show_a_green_check" time="0.120" /><testcase classname="tests.unit.test_incoming_transfer" name="test_all_incoming_profiles_credit_balance_without_using_cash_quota[domestic_bank-anonymous_established_account]" time="0.001" /><testcase classname="tests.unit.test_incoming_transfer" name="test_all_incoming_profiles_credit_balance_without_using_cash_quota[domestic_bank-regular_sender]" time="0.001" /><testcase classname="tests.unit.test_incoming_transfer" name="test_all_incoming_profiles_credit_balance_without_using_cash_quota[domestic_bank-anonymous_new_account]" time="0.001" /><testcase classname="tests.unit.test_incoming_transfer" name="test_all_incoming_profiles_credit_balance_without_using_cash_quota[foreign_bank_kg-anonymous_established_account]" time="0.000" /><testcase classname="tests.unit.test_incoming_transfer" name="test_all_incoming_profiles_credit_balance_without_using_cash_quota[foreign_bank_kg-regular_sender]" time="0.000" /><testcase classname="tests.unit.test_incoming_transfer" name="test_all_incoming_profiles_credit_balance_without_using_cash_quota[foreign_bank_kg-anonymous_new_account]" time="0.000" /><testcase classname="tests.unit.test_incoming_transfer" name="test_all_incoming_profiles_credit_balance_without_using_cash_quota[crypto_exchange-anonymous_established_account]" time="0.000" /><testcase classname="tests.unit.test_incoming_transfer" name="test_all_incoming_profiles_credit_balance_without_using_cash_quota[crypto_exchange-regular_sender]" time="0.000" /><testcase classname="tests.unit.test_incoming_transfer" name="test_all_incoming_profiles_credit_balance_without_using_cash_quota[crypto_exchange-anonymous_new_account]" time="0.000" /><testcase classname="tests.unit.test_incoming_transfer" name="test_all_incoming_profiles_credit_balance_without_using_cash_quota[payment_service-anonymous_established_account]" time="0.000" /><testcase classname="tests.unit.test_incoming_transfer" name="test_all_incoming_profiles_credit_balance_without_using_cash_quota[payment_service-regular_sender]" time="0.001" /><testcase classname="tests.unit.test_incoming_transfer" name="test_all_incoming_profiles_credit_balance_without_using_cash_quota[payment_service-anonymous_new_account]" time="0.000" /><testcase classname="tests.unit.test_incoming_transfer" name="test_sources_have_distinct_costs_and_risk" time="0.001" /><testcase classname="tests.unit.test_incoming_transfer" name="test_old_cash_contract_is_not_accepted_by_new_round[old_code-unknown_card_version]" time="0.000" /><testcase classname="tests.unit.test_incoming_transfer" name="test_old_cash_contract_is_not_accepted_by_new_round[old_field-unknown_action_parameter]" time="0.000" /><testcase classname="tests.unit.test_incoming_transfer" name="test_old_cash_contract_is_not_accepted_by_new_round[old_value-invalid_action_parameter]" time="0.000" /><testcase classname="tests.unit.test_incoming_transfer" name="test_old_cash_contract_is_not_accepted_by_new_round[missing_source-missing_action_parameter]" time="0.000" /><testcase classname="tests.unit.test_incoming_transfer" name="test_old_cash_contract_is_not_accepted_by_new_round[atm-channel_not_allowed]" time="0.000" /><testcase classname="tests.unit.test_incoming_transfer" name="test_new_source_features_do_not_report_cash_or_use_hidden_defaults" time="0.001" /><testcase classname="tests.unit.test_incoming_transfer" name="test_synthetic_examples_are_reproducible_and_use_current_sources" time="0.386" /><testcase classname="tests.unit.test_incoming_transfer" name="test_sender_profiles_change_risk_without_changing_recipient_quota" time="0.001" /><testcase classname="tests.unit.test_incoming_transfer" name="test_superseded_sender_profiles_are_rejected[own_account]" time="0.000" /><testcase classname="tests.unit.test_incoming_transfer" name="test_superseded_sender_profiles_are_rejected[family]" time="0.000" /><testcase classname="tests.unit.test_incoming_transfer" name="test_superseded_sender_profiles_are_rejected[customer]" time="0.001" /><testcase classname="tests.unit.test_incoming_transfer" name="test_superseded_sender_profiles_are_rejected[unrelated]" time="0.000" /><testcase classname="tests.unit.test_nicegui_client" name="test_concurrent_requests_keep_credentials_separate" time="0.001" /><testcase classname="tests.unit.test_nicegui_client" name="test_errors[response0-api_error]" time="0.000" /><testcase classname="tests.unit.test_nicegui_client" name="test_errors[response1-login_temporarily_locked]" time="0.000" /><testcase classname="tests.unit.test_nicegui_client" name="test_errors[response2-invalid_response]" time="0.000" /><testcase classname="tests.unit.test_nicegui_client" name="test_transport_failure_does_not_logout" time="0.000" /><testcase classname="tests.unit.test_nicegui_client" name="test_late_login_cannot_restore_logged_out_session" time="0.000" /><testcase classname="tests.unit.test_nicegui_organizer" name="test_delayed_panel_response_is_discarded[restart-participants]" time="0.000" /><testcase classname="tests.unit.test_nicegui_organizer" name="test_delayed_panel_response_is_discarded[restart-results]" time="0.000" /><testcase classname="tests.unit.test_nicegui_organizer" name="test_delayed_panel_response_is_discarded[restart-audit]" time="0.000" /><testcase classname="tests.unit.test_nicegui_organizer" name="test_delayed_panel_response_is_discarded[restart-detail]" time="0.000" /><testcase classname="tests.unit.test_nicegui_organizer" name="test_delayed_panel_response_is_discarded[new_request-participants]" time="0.000" /><testcase classname="tests.unit.test_nicegui_organizer" name="test_delayed_panel_response_is_discarded[new_request-results]" time="0.000" /><testcase classname="tests.unit.test_nicegui_organizer" name="test_delayed_panel_response_is_discarded[new_request-audit]" time="0.000" /><testcase classname="tests.unit.test_nicegui_organizer" name="test_delayed_panel_response_is_discarded[new_request-detail]" time="0.000" /><testcase classname="tests.unit.test_nicegui_organizer" name="test_delayed_panel_response_is_discarded[logout-participants]" time="0.000" /><testcase classname="tests.unit.test_nicegui_organizer" name="test_delayed_panel_response_is_discarded[logout-results]" time="0.000" /><testcase classname="tests.unit.test_nicegui_organizer" name="test_delayed_panel_response_is_discarded[logout-audit]" time="0.000" /><testcase classname="tests.unit.test_nicegui_organizer" name="test_delayed_panel_response_is_discarded[logout-detail]" time="0.000" /><testcase classname="tests.unit.test_operation_timeline" name="test_elapsed_minutes_and_exact_resource_charge[1-0-rapid]" time="0.005" /><testcase classname="tests.unit.test_operation_timeline" name="test_elapsed_minutes_and_exact_resource_charge[10-1-normal]" time="0.003" /><testcase classname="tests.unit.test_operation_timeline" name="test_elapsed_minutes_and_exact_resource_charge[60-2-spaced]" time="0.003" /><testcase classname="tests.unit.test_operation_timeline" name="test_elapsed_minutes_and_exact_resource_charge[1440-4-spaced]" time="0.003" /><testcase classname="tests.unit.test_operation_timeline" name="test_first_default_reorder_delete_and_empty" time="0.003" /><testcase classname="tests.unit.test_operation_timeline" name="test_midnight_and_next_day[2026-09-13T23:59:00+03:00-1-2026-09-14T00:00:00+03:00]" time="0.003" /><testcase classname="tests.unit.test_operation_timeline" name="test_midnight_and_next_day[2026-09-13T23:30:00+03:00-60-2026-09-14T00:30:00+03:00]" time="0.002" /><testcase classname="tests.unit.test_operation_timeline" name="test_midnight_and_next_day[2026-09-13T23:30:00+03:00-1440-2026-09-14T23:30:00+03:00]" time="0.002" /><testcase classname="tests.unit.test_operation_timeline" name="test_time_of_day_boundaries[0-night]" time="0.002" /><testcase classname="tests.unit.test_operation_timeline" name="test_time_of_day_boundaries[5-night]" time="0.002" /><testcase classname="tests.unit.test_operation_timeline" name="test_time_of_day_boundaries[6-day]" time="0.002" /><testcase classname="tests.unit.test_operation_timeline" name="test_time_of_day_boundaries[17-day]" time="0.003" /><testcase classname="tests.unit.test_operation_timeline" name="test_time_of_day_boundaries[18-evening]" time="0.003" /><testcase classname="tests.unit.test_operation_timeline" name="test_time_of_day_boundaries[23-evening]" time="0.002" /><testcase classname="tests.unit.test_operation_timeline" name="test_dst_uses_elapsed_time[2026-03-29T01:30:00+01:00-2026-03-29T03:30:00+02:00]" time="0.003" /><testcase classname="tests.unit.test_operation_timeline" name="test_dst_uses_elapsed_time[2026-10-25T02:30:00+02:00-2026-10-25T02:30:00+01:00]" time="0.002" /><testcase classname="tests.unit.test_operation_timeline" name="test_bad_interval_rejected[0]" time="0.002" /><testcase classname="tests.unit.test_operation_timeline" name="test_bad_interval_rejected[2]" time="0.002" /><testcase classname="tests.unit.test_operation_timeline" name="test_bad_interval_rejected[True]" time="0.002" /><testcase classname="tests.unit.test_operation_timeline" name="test_bad_interval_rejected[False]" time="0.002" /><testcase classname="tests.unit.test_operation_timeline" name="test_bad_interval_rejected[1.0]" time="0.002" /><testcase classname="tests.unit.test_operation_timeline" name="test_bad_interval_rejected[10]" time="0.002" /><testcase classname="tests.unit.test_operation_timeline" name="test_bad_interval_rejected[-1]" time="0.001" /><testcase classname="tests.unit.test_operation_timeline" name="test_bad_interval_rejected[1441]" time="0.002" /><testcase classname="tests.unit.test_operation_timeline" name="test_derived_time_cannot_be_spoofed[changes0]" time="0.001" /><testcase classname="tests.unit.test_operation_timeline" name="test_derived_time_cannot_be_spoofed[changes1]" time="0.001" /><testcase classname="tests.unit.test_operation_timeline" name="test_derived_time_cannot_be_spoofed[changes2]" time="0.002" /><testcase classname="tests.unit.test_operation_timeline" name="test_derived_time_cannot_be_spoofed[changes3]" time="0.002" /><testcase classname="tests.unit.test_operation_timeline" name="test_derived_time_cannot_be_spoofed[changes4]" time="0.002" /><testcase classname="tests.unit.test_operation_timeline" name="test_derived_time_cannot_be_spoofed[changes5]" time="0.002" /><testcase classname="tests.unit.test_operation_timeline" name="test_insufficient_time_and_channel_cost_preserved" time="0.002" /><testcase classname="tests.unit.test_operation_timeline" name="test_scorer_uses_only_derived_pace_and_rapid_turnover" time="0.003" /><testcase classname="tests.unit.test_profile_history" name="test_summary_exact_money_relations_and_category" time="0.002" /><testcase classname="tests.unit.test_profile_history" name="test_reject_dates_outside_half_open_window[2026-08-14T08:59:59+03:00]" time="0.002" /><testcase classname="tests.unit.test_profile_history" name="test_reject_dates_outside_half_open_window[2026-09-13T09:00:00+03:00]" time="0.002" /><testcase classname="tests.unit.test_profile_history" name="test_reject_dates_outside_half_open_window[2026-09-14T09:00:00+03:00]" time="0.002" /><testcase classname="tests.unit.test_profile_history" name="test_reject_dates_outside_half_open_window[2026-09-01T09:00:00]" time="0.003" /><testcase classname="tests.unit.test_profile_history" name="test_boundary_offsets_and_local_active_days" time="0.002" /><testcase classname="tests.unit.test_profile_history" name="test_reject_invalid_history[1-id-h1]" time="0.002" /><testcase classname="tests.unit.test_profile_history" name="test_reject_invalid_history[0-counterparty_id-missing]" time="0.002" /><testcase classname="tests.unit.test_profile_history" name="test_reject_invalid_history[0-counterparty_id-A]" time="0.002" /><testcase classname="tests.unit.test_profile_history" name="test_reject_invalid_history[3-counterparty_id-A]" time="0.002" /><testcase classname="tests.unit.test_profile_history" name="test_reject_invalid_history[4-counterparty_id-A]" time="0.005" /><testcase classname="tests.unit.test_profile_history" name="test_reject_invalid_history[1-counterparty_id-None]" time="0.004" /><testcase classname="tests.unit.test_profile_history" name="test_reject_invalid_history[1-category-groceries]" time="0.003" /><testcase classname="tests.unit.test_profile_history" name="test_reject_invalid_history[3-category-wrong]" time="0.002" /><testcase classname="tests.unit.test_profile_history" name="test_reject_invalid_history[1-amount-NaN]" time="0.002" /><testcase classname="tests.unit.test_profile_history" name="test_reject_invalid_history[1-amount-0]" time="0.002" /><testcase classname="tests.unit.test_profile_history" name="test_reject_invalid_history[1-amount-1.001]" time="0.003" /><testcase classname="tests.unit.test_profile_history" name="test_reject_invalid_history[1-hidden_intent-crime]" time="0.003" /><testcase classname="tests.unit.test_profile_history" name="test_unknown_is_not_zero_and_legacy_remains_readable" time="0.002" /><testcase classname="tests.unit.test_profile_history" name="test_no_aggregate_input_or_hidden_profile_fields" time="0.004" /><testcase classname="tests.unit.test_profile_history" name="test_history_does_not_fund_chain_or_change_risk_or_resources" time="0.006" /><testcase classname="tests.unit.test_profile_history_ui" name="test_public_context_and_draft_controls" time="0.147" /><testcase classname="tests.unit.test_profile_history_ui" name="test_config_form_keeps_expanded_contract" time="0.131" /><testcase classname="tests.unit.test_purchase_ui" name="test_purchase_form_and_both_turnover_labels" time="0.121" /><testcase classname="tests.unit.test_purchases" name="test_purchase_bounds_balance_fees_and_no_goal[1000.00]" time="0.003" /><testcase classname="tests.unit.test_purchases" name="test_purchase_bounds_balance_fees_and_no_goal[20000.00]" time="0.002" /><testcase classname="tests.unit.test_purchases" name="test_out_of_range_rejected[999.99]" time="0.003" /><testcase classname="tests.unit.test_purchases" name="test_out_of_range_rejected[20000.01]" time="0.002" /><testcase classname="tests.unit.test_purchases" name="test_total_and_count_independent_limits" time="0.003" /><testcase classname="tests.unit.test_purchases" name="test_insufficient_funds_and_income_before_purchase" time="0.004" /><testcase classname="tests.unit.test_purchases" name="test_merchant_category_is_server_owned[change0]" time="0.002" /><testcase classname="tests.unit.test_purchases" name="test_merchant_category_is_server_owned[change1]" time="0.002" /><testcase classname="tests.unit.test_purchases" name="test_merchant_category_is_server_owned[change2]" time="0.002" /><testcase classname="tests.unit.test_purchases" name="test_merchant_category_is_server_owned[change3]" time="0.002" /><testcase classname="tests.unit.test_purchases" name="test_policy_and_fixed_card_cannot_be_bypassed" time="0.006" /><testcase classname="tests.unit.test_purchases" name="test_purchase_does_not_dilute_risk_or_add_protective_factors" time="0.003" /><testcase classname="tests.unit.test_purchases" name="test_gap_between_financial_operations_survives_purchase_filtering" time="0.002" /><testcase classname="tests.unit.test_purchases" name="test_preview_and_scoring_use_same_totals_and_snapshot" time="0.043" /><testcase classname="tests.unit.test_reduced_parameters" name="test_exact_contract_and_sparse_stored_context[salary]" time="0.000" /><testcase classname="tests.unit.test_reduced_parameters" name="test_exact_contract_and_sparse_stored_context[cash_withdrawal]" time="0.000" /><testcase classname="tests.unit.test_reduced_parameters" name="test_exact_contract_and_sparse_stored_context[card_transfer]" time="0.000" /><testcase classname="tests.unit.test_reduced_parameters" name="test_exact_contract_and_sparse_stored_context[incoming_transfer]" time="0.000" /><testcase classname="tests.unit.test_reduced_parameters" name="test_every_retained_option_can_be_evaluated[salary]" time="0.001" /><testcase classname="tests.unit.test_reduced_parameters" name="test_every_retained_option_can_be_evaluated[cash_withdrawal]" time="0.001" /><testcase classname="tests.unit.test_reduced_parameters" name="test_every_retained_option_can_be_evaluated[card_transfer]" time="0.001" /><testcase classname="tests.unit.test_reduced_parameters" name="test_every_retained_option_can_be_evaluated[incoming_transfer]" time="0.001" /><testcase classname="tests.unit.test_reduced_parameters" name="test_amount_boundary_replaces_documents_exactly[incoming_transfer]" time="0.000" /><testcase classname="tests.unit.test_reduced_parameters" name="test_amount_boundary_replaces_documents_exactly[card_transfer]" time="0.000" /><testcase classname="tests.unit.test_reduced_parameters" name="test_amount_boundary_replaces_documents_exactly[cash_withdrawal]" time="0.000" /><testcase classname="tests.unit.test_reduced_parameters" name="test_reference_routes_keep_scores_and_resources[transfers-20.00-61.51-8000.00-11-3]" time="0.001" /><testcase classname="tests.unit.test_reduced_parameters" name="test_reference_routes_keep_scores_and_resources[mixed-25.83-53.38-3000.00-3-0]" time="0.001" /><testcase classname="tests.unit.test_reduced_parameters" name="test_reference_routes_keep_scores_and_resources[incoming_funding-21.00-58.84-7950.00-9-1]" time="0.001" /><testcase classname="tests.unit.test_reduced_parameters" name="test_salary_has_no_context_factors_or_channel_features" time="0.000" /><testcase classname="tests.unit.test_runtime_package" name="test_release_is_reproducible_and_excludes_local_data" time="0.007" /><testcase classname="tests.unit.test_runtime_settings" name="test_database_components_preserve_special_characters" time="0.001" /><testcase classname="tests.unit.test_runtime_settings" name="test_explicit_database_url_overrides_components" time="0.000" /><testcase classname="tests.unit.test_timeline_ui" name="test_interval_reorder_delete_and_reload" time="0.222" /></testsuite></testsuites>